<?xml version="1.0" encoding="UTF-8"?>
<!-- Generated by org.testng.reporters.JUnitReportReporter -->
<testsuite hostname="garikipatij-linux1" failures="0" tests="3" name="RestAssuredlearn.RestAssuredlearn.demorest" time="2.022" errors="0" timestamp="2025-05-01T08:33:59 IST" skipped="1">
  <testcase classname="RestAssuredlearn.RestAssuredlearn.demorest" name="test1" time="1.410"/>
  <testcase classname="RestAssuredlearn.RestAssuredlearn.demorest" name="test2post" time="0.612"/>
  <testcase classname="RestAssuredlearn.RestAssuredlearn.demorest" name="test2">
    <skipped/>
  </testcase> <!-- test2 -->
</testsuite> <!-- RestAssuredlearn.RestAssuredlearn.demorest -->
