<?xml version="1.0" encoding="UTF-8"?>
<!-- Generated by org.testng.reporters.JUnitReportReporter -->
<testsuite hostname="garikipatij-linux1" failures="0" tests="5" name="restassured_paramters.parampetrs" time="0.544" errors="0" timestamp="2025-05-29T11:57:32 IST" skipped="4">
  <testcase classname="restassured_paramters.parampetrs" name="testlog" time="0.544"/>
  <testcase classname="restassured_paramters.parampetrs" name="getcookieinfo">
    <skipped/>
  </testcase> <!-- getcookieinfo -->
  <testcase classname="restassured_paramters.parampetrs" name="test1">
    <skipped/>
  </testcase> <!-- test1 -->
  <testcase classname="restassured_paramters.parampetrs" name="testcookie">
    <skipped/>
  </testcase> <!-- testcookie -->
  <testcase classname="restassured_paramters.parampetrs" name="testheader">
    <skipped/>
  </testcase> <!-- testheader -->
</testsuite> <!-- restassured_paramters.parampetrs -->
