<?xml version="1.0" encoding="UTF-8"?>
<!-- Generated by org.testng.reporters.JUnitReportReporter -->
<testsuite hostname="garikipatij-linux1" failures="0" tests="1" name="apichaining.get" time="1.050" errors="0" timestamp="2025-06-04T18:50:59 IST" skipped="0">
  <testcase classname="apichaining.get" name="getuser" time="1.050"/>
</testsuite> <!-- apichaining.get -->
