<?xml version="1.0" encoding="UTF-8"?>
<!-- Generated by org.testng.reporters.JUnitReportReporter -->
<testsuite hostname="garikipatij-linux1" failures="0" tests="5" name="RestAssuredlearn.RestAssuredlearn.diffpostreq" time="1.488" errors="0" timestamp="2025-05-09T14:38:29 IST" skipped="4">
  <testcase classname="RestAssuredlearn.RestAssuredlearn.diffpostreq" name="pojoclass" time="1.488"/>
  <testcase classname="RestAssuredlearn.RestAssuredlearn.diffpostreq" name="extjasonfile">
    <skipped/>
  </testcase> <!-- extjasonfile -->
  <testcase classname="RestAssuredlearn.RestAssuredlearn.diffpostreq" name="orgjson">
    <skipped/>
  </testcase> <!-- orgjson -->
  <testcase classname="RestAssuredlearn.RestAssuredlearn.diffpostreq" name="delete">
    <skipped/>
  </testcase> <!-- delete -->
  <testcase classname="RestAssuredlearn.RestAssuredlearn.diffpostreq" name="hashmap">
    <skipped/>
  </testcase> <!-- hashmap -->
</testsuite> <!-- RestAssuredlearn.RestAssuredlearn.diffpostreq -->
