<?xml version="1.0" encoding="UTF-8"?>
<!-- Generated by org.testng.reporters.JUnitReportReporter -->
<testsuite hostname="garikipatij-linux1" failures="0" tests="1" name="apichaining.get" time="1.289" errors="0" timestamp="2025-05-30T16:13:43 IST" skipped="0">
  <testcase classname="apichaining.get" name="getuser" time="1.289"/>
</testsuite> <!-- apichaining.get -->
