<?xml version="1.0" encoding="UTF-8"?>
<!-- Generated by org.testng.reporters.JUnitReportReporter -->
<testsuite hostname="garikipatij-linux1" failures="0" tests="4" name="RestAssuredlearn.RestAssuredlearn.AppTest" time="1.770" errors="0" timestamp="2025-05-29T11:51:01 IST" skipped="3">
  <testcase classname="RestAssuredlearn.RestAssuredlearn.AppTest" name="getusers" time="1.770"/>
  <testcase classname="RestAssuredlearn.RestAssuredlearn.AppTest" name="upadteuser">
    <skipped/>
  </testcase> <!-- upadteuser -->
  <testcase classname="RestAssuredlearn.RestAssuredlearn.AppTest" name="deleteuser">
    <skipped/>
  </testcase> <!-- deleteuser -->
  <testcase classname="RestAssuredlearn.RestAssuredlearn.AppTest" name="postuser">
    <skipped/>
  </testcase> <!-- postuser -->
</testsuite> <!-- RestAssuredlearn.RestAssuredlearn.AppTest -->
