<?xml version="1.0" encoding="UTF-8"?>
<!-- Generated by org.testng.reporters.JUnitReportReporter -->
<testsuite hostname="garikipatij-linux1" failures="0" tests="5" name="RestAssuredlearn_tc.diffpostreq" time="0.786" errors="0" timestamp="2025-05-29T11:57:32 IST" skipped="4">
  <testcase classname="RestAssuredlearn_tc.diffpostreq" name="pojoclass" time="0.786"/>
  <testcase classname="RestAssuredlearn_tc.diffpostreq" name="extjasonfile">
    <skipped/>
  </testcase> <!-- extjasonfile -->
  <testcase classname="RestAssuredlearn_tc.diffpostreq" name="hashmap">
    <skipped/>
  </testcase> <!-- hashmap -->
  <testcase classname="RestAssuredlearn_tc.diffpostreq" name="orgjson">
    <skipped/>
  </testcase> <!-- orgjson -->
  <testcase classname="RestAssuredlearn_tc.diffpostreq" name="delete">
    <skipped/>
  </testcase> <!-- delete -->
</testsuite> <!-- RestAssuredlearn_tc.diffpostreq -->
