<?xml version="1.0" encoding="UTF-8"?>
<!-- Generated by org.testng.reporters.JUnitReportReporter -->
<testsuite hostname="garikipatij-linux1" failures="0" tests="4" name="RestAssuredlearn_tc.AppTest" time="0.373" errors="0" timestamp="2025-05-29T11:57:32 IST" skipped="3">
  <testcase classname="RestAssuredlearn_tc.AppTest" name="getusers" time="0.373"/>
  <testcase classname="RestAssuredlearn_tc.AppTest" name="postuser">
    <skipped/>
  </testcase> <!-- postuser -->
  <testcase classname="RestAssuredlearn_tc.AppTest" name="deleteuser">
    <skipped/>
  </testcase> <!-- deleteuser -->
  <testcase classname="RestAssuredlearn_tc.AppTest" name="upadteuser">
    <skipped/>
  </testcase> <!-- upadteuser -->
</testsuite> <!-- RestAssuredlearn_tc.AppTest -->
