<?xml version="1.0" encoding="UTF-8"?>
<!-- Generated by org.testng.reporters.JUnitReportReporter -->
<testsuite hostname="garikipatij-linux1" failures="0" tests="1" name="apichaining.createuser" time="2.200" errors="0" timestamp="2025-06-04T18:50:59 IST" skipped="0">
  <testcase classname="apichaining.createuser" name="create" time="2.200"/>
</testsuite> <!-- apichaining.createuser -->
